<?xml version="1.0" encoding="UTF-8"?>
<!-- Generated by org.testng.reporters.JUnitXMLReporter -->
<testsuite hostname="Sneha-PC" ignored="0" name="Banking App Test2" tests="1" failures="1" timestamp="2020-02-25T22:01:27 IST" time="57.153" errors="0">
  <testcase name="LoginTest" time="15.646" classname="com.iNetBanking.TestCases.TC_iNetBank_001">
    <failure type="java.lang.AssertionError" message="did not expect to find [true] but found [false]">
      <![CDATA[java.lang.AssertionError: did not expect to find [true] but found [false]
at com.iNetBanking.TestCases.TC_iNetBank_001.LoginTest(TC_iNetBank_001.java:32)
at java.util.ArrayList.forEach(ArrayList.java:1257)
... Removed 31 stack frames]]>
    </failure>
  </testcase> <!-- LoginTest -->
</testsuite> <!-- Banking App Test2 -->
